2015-08-17 13:59:09 INFO [26750:../src/transfer.c:170] Try to connect gnss tcp server
2015-08-17 13:59:09 INFO [26750:../src/transfer.c:63] Try to connect data source server
2015-08-17 13:59:09 INFO [26750:../src/transfer.c:106] listen data source server success
2015-08-17 13:59:09 WARN [26750:../src/transfer.c:190] Can't connect to gnss tcp server
2015-08-17 13:59:10 WARN [26750:../src/transfer.c:190] Can't connect to gnss tcp server
2015-08-17 13:59:11 WARN [26750:../src/transfer.c:190] Can't connect to gnss tcp server
2015-08-17 13:59:12 WARN [26750:../src/transfer.c:190] Can't connect to gnss tcp server
2015-08-17 13:59:13 WARN [26750:../src/transfer.c:190] Can't connect to gnss tcp server
2015-08-17 13:59:14 WARN [26750:../src/transfer.c:190] Can't connect to gnss tcp server
2015-08-17 13:59:15 WARN [26750:../src/transfer.c:190] Can't connect to gnss tcp server
2015-08-17 13:59:16 WARN [26750:../src/transfer.c:190] Can't connect to gnss tcp server
2015-08-17 13:59:17 WARN [26750:../src/transfer.c:190] Can't connect to gnss tcp server
2015-08-17 13:59:18 WARN [26750:../src/transfer.c:190] Can't connect to gnss tcp server
2015-08-17 13:59:19 INFO [26750:../src/transfer.c:125] -1,accept data source server success
2015-08-17 13:59:19 WARN [26750:../src/transfer.c:190] Can't connect to gnss tcp server
2015-08-17 13:59:20 WARN [26750:../src/transfer.c:190] Can't connect to gnss tcp server
2015-08-17 13:59:21 WARN [26750:../src/transfer.c:190] Can't connect to gnss tcp server
2015-08-17 13:59:22 WARN [26750:../src/transfer.c:190] Can't connect to gnss tcp server
2015-08-17 13:59:23 WARN [26750:../src/transfer.c:190] Can't connect to gnss tcp server
2015-08-17 13:59:24 WARN [26750:../src/transfer.c:190] Can't connect to gnss tcp server
2015-08-17 13:59:25 WARN [26750:../src/transfer.c:190] Can't connect to gnss tcp server
2015-08-17 13:59:26 WARN [26750:../src/transfer.c:190] Can't connect to gnss tcp server
2015-08-17 13:59:27 WARN [26750:../src/transfer.c:190] Can't connect to gnss tcp server
2015-08-17 13:59:28 WARN [26750:../src/transfer.c:190] Can't connect to gnss tcp server
2015-08-17 13:59:29 WARN [26750:../src/transfer.c:190] Can't connect to gnss tcp server
2015-08-17 13:59:30 WARN [26750:../src/transfer.c:190] Can't connect to gnss tcp server
2015-08-17 13:59:31 WARN [26750:../src/transfer.c:190] Can't connect to gnss tcp server
2015-08-17 13:59:32 WARN [26750:../src/transfer.c:190] Can't connect to gnss tcp server
2015-08-17 13:59:33 WARN [26750:../src/transfer.c:190] Can't connect to gnss tcp server
2015-08-17 13:59:34 WARN [26750:../src/transfer.c:190] Can't connect to gnss tcp server
2015-08-17 13:59:35 WARN [26750:../src/transfer.c:190] Can't connect to gnss tcp server
2015-08-17 13:59:36 WARN [26750:../src/transfer.c:190] Can't connect to gnss tcp server
2015-08-17 13:59:37 WARN [26750:../src/transfer.c:190] Can't connect to gnss tcp server
2015-08-17 13:59:38 WARN [26750:../src/transfer.c:190] Can't connect to gnss tcp server
2015-08-17 13:59:39 WARN [26750:../src/transfer.c:190] Can't connect to gnss tcp server
2015-08-17 13:59:40 WARN [26750:../src/transfer.c:190] Can't connect to gnss tcp server
2015-08-17 13:59:41 WARN [26750:../src/transfer.c:190] Can't connect to gnss tcp server
2015-08-17 13:59:42 WARN [26750:../src/transfer.c:190] Can't connect to gnss tcp server
2015-08-17 13:59:43 WARN [26750:../src/transfer.c:190] Can't connect to gnss tcp server
2015-08-17 13:59:44 WARN [26750:../src/transfer.c:190] Can't connect to gnss tcp server
2015-08-17 13:59:45 WARN [26750:../src/transfer.c:190] Can't connect to gnss tcp server
2015-08-17 13:59:46 WARN [26750:../src/transfer.c:190] Can't connect to gnss tcp server
2015-08-17 13:59:47 WARN [26750:../src/transfer.c:190] Can't connect to gnss tcp server
2015-08-17 13:59:48 WARN [26750:../src/transfer.c:190] Can't connect to gnss tcp server
2015-08-17 13:59:49 WARN [26750:../src/transfer.c:190] Can't connect to gnss tcp server
2015-08-17 13:59:50 WARN [26750:../src/transfer.c:190] Can't connect to gnss tcp server
2015-08-17 13:59:51 WARN [26750:../src/transfer.c:190] Can't connect to gnss tcp server
2015-08-17 13:59:52 WARN [26750:../src/transfer.c:190] Can't connect to gnss tcp server
2015-08-17 13:59:53 WARN [26750:../src/transfer.c:190] Can't connect to gnss tcp server
2015-08-17 13:59:54 WARN [26750:../src/transfer.c:190] Can't connect to gnss tcp server
2015-08-17 13:59:55 WARN [26750:../src/transfer.c:190] Can't connect to gnss tcp server
2015-08-17 13:59:56 WARN [26750:../src/transfer.c:190] Can't connect to gnss tcp server
2015-08-17 13:59:57 WARN [26750:../src/transfer.c:190] Can't connect to gnss tcp server
2015-08-17 13:59:58 WARN [26750:../src/transfer.c:190] Can't connect to gnss tcp server
2015-08-17 13:59:59 WARN [26750:../src/transfer.c:190] Can't connect to gnss tcp server
2015-08-17 14:00:00 WARN [26750:../src/transfer.c:190] Can't connect to gnss tcp server
2015-08-17 14:00:01 WARN [26750:../src/transfer.c:190] Can't connect to gnss tcp server
2015-08-17 14:00:02 WARN [26750:../src/transfer.c:190] Can't connect to gnss tcp server
2015-08-17 14:00:03 WARN [26750:../src/transfer.c:190] Can't connect to gnss tcp server
2015-08-17 14:00:04 WARN [26750:../src/transfer.c:190] Can't connect to gnss tcp server
2015-08-17 14:00:05 WARN [26750:../src/transfer.c:190] Can't connect to gnss tcp server
2015-08-17 14:00:06 WARN [26750:../src/transfer.c:190] Can't connect to gnss tcp server
2015-08-17 14:00:07 WARN [26750:../src/transfer.c:190] Can't connect to gnss tcp server
2015-08-17 14:00:08 WARN [26750:../src/transfer.c:190] Can't connect to gnss tcp server
2015-08-17 14:00:09 WARN [26750:../src/transfer.c:190] Can't connect to gnss tcp server
2015-08-17 14:00:10 WARN [26750:../src/transfer.c:190] Can't connect to gnss tcp server
2015-08-17 14:00:11 WARN [26750:../src/transfer.c:190] Can't connect to gnss tcp server
2015-08-17 14:00:12 WARN [26750:../src/transfer.c:190] Can't connect to gnss tcp server
2015-08-17 14:00:13 WARN [26750:../src/transfer.c:190] Can't connect to gnss tcp server
2015-08-17 14:00:14 WARN [26750:../src/transfer.c:190] Can't connect to gnss tcp server
2015-08-17 14:00:15 WARN [26750:../src/transfer.c:190] Can't connect to gnss tcp server
2015-08-17 14:00:16 WARN [26750:../src/transfer.c:190] Can't connect to gnss tcp server
2015-08-17 14:00:17 WARN [26750:../src/transfer.c:190] Can't connect to gnss tcp server
2015-08-17 14:00:18 WARN [26750:../src/transfer.c:190] Can't connect to gnss tcp server
2015-08-17 14:00:19 WARN [26750:../src/transfer.c:190] Can't connect to gnss tcp server
2015-08-17 14:00:20 WARN [26750:../src/transfer.c:190] Can't connect to gnss tcp server
2015-08-17 14:00:21 WARN [26750:../src/transfer.c:190] Can't connect to gnss tcp server
2015-08-17 14:00:22 WARN [26750:../src/transfer.c:190] Can't connect to gnss tcp server
2015-08-17 14:00:23 WARN [26750:../src/transfer.c:190] Can't connect to gnss tcp server
2015-08-17 14:00:24 WARN [26750:../src/transfer.c:190] Can't connect to gnss tcp server
2015-08-17 14:00:25 WARN [26750:../src/transfer.c:190] Can't connect to gnss tcp server
2015-08-17 14:00:26 WARN [26750:../src/transfer.c:190] Can't connect to gnss tcp server
2015-08-17 14:00:27 WARN [26750:../src/transfer.c:190] Can't connect to gnss tcp server
2015-08-17 14:00:28 WARN [26750:../src/transfer.c:190] Can't connect to gnss tcp server
2015-08-17 14:00:29 WARN [26750:../src/transfer.c:190] Can't connect to gnss tcp server
2015-08-17 14:00:30 WARN [26750:../src/transfer.c:190] Can't connect to gnss tcp server
2015-08-17 14:00:31 WARN [26750:../src/transfer.c:190] Can't connect to gnss tcp server
2015-08-17 14:00:32 WARN [26750:../src/transfer.c:190] Can't connect to gnss tcp server
2015-08-17 14:00:33 WARN [26750:../src/transfer.c:190] Can't connect to gnss tcp server
2015-08-17 14:00:34 WARN [26750:../src/transfer.c:190] Can't connect to gnss tcp server
2015-08-17 14:00:35 WARN [26750:../src/transfer.c:190] Can't connect to gnss tcp server
2015-08-17 14:00:36 WARN [26750:../src/transfer.c:190] Can't connect to gnss tcp server
2015-08-17 14:00:37 WARN [26750:../src/transfer.c:190] Can't connect to gnss tcp server
2015-08-17 14:00:38 WARN [26750:../src/transfer.c:190] Can't connect to gnss tcp server
2015-08-17 14:01:59 INFO [26847:../src/transfer.c:63] Try to connect data source server
2015-08-17 14:01:59 INFO [26847:../src/transfer.c:106] listen data source server success
2015-08-17 14:01:59 INFO [26847:../src/transfer.c:171] Try to connect gnss tcp server
2015-08-17 14:01:59 WARN [26847:../src/transfer.c:191] Can't connect to gnss tcp server
2015-08-17 14:02:00 WARN [26847:../src/transfer.c:191] Can't connect to gnss tcp server
2015-08-17 14:02:01 WARN [26847:../src/transfer.c:191] Can't connect to gnss tcp server
2015-08-17 14:02:02 WARN [26847:../src/transfer.c:191] Can't connect to gnss tcp server
2015-08-17 14:02:03 WARN [26847:../src/transfer.c:191] Can't connect to gnss tcp server
2015-08-17 14:02:04 WARN [26847:../src/transfer.c:191] Can't connect to gnss tcp server
2015-08-17 14:02:05 WARN [26847:../src/transfer.c:191] Can't connect to gnss tcp server
2015-08-17 14:02:06 WARN [26847:../src/transfer.c:191] Can't connect to gnss tcp server
2015-08-17 14:02:07 WARN [26847:../src/transfer.c:191] Can't connect to gnss tcp server
2015-08-17 14:02:08 WARN [26847:../src/transfer.c:191] Can't connect to gnss tcp server
2015-08-17 14:02:09 INFO [26847:../src/transfer.c:126] -1,accept data source server success
2015-08-17 14:02:09 WARN [26847:../src/transfer.c:191] Can't connect to gnss tcp server
2015-08-17 14:02:10 WARN [26847:../src/transfer.c:191] Can't connect to gnss tcp server
2015-08-17 14:02:11 WARN [26847:../src/transfer.c:191] Can't connect to gnss tcp server
2015-08-17 14:02:12 WARN [26847:../src/transfer.c:191] Can't connect to gnss tcp server
2015-08-17 14:02:13 WARN [26847:../src/transfer.c:191] Can't connect to gnss tcp server
2015-08-17 14:02:14 WARN [26847:../src/transfer.c:191] Can't connect to gnss tcp server
2015-08-17 14:02:15 WARN [26847:../src/transfer.c:191] Can't connect to gnss tcp server
2015-08-17 14:02:16 WARN [26847:../src/transfer.c:191] Can't connect to gnss tcp server
2015-08-17 14:02:17 WARN [26847:../src/transfer.c:191] Can't connect to gnss tcp server
2015-08-17 14:02:18 WARN [26847:../src/transfer.c:191] Can't connect to gnss tcp server
2015-08-17 14:02:19 WARN [26847:../src/transfer.c:191] Can't connect to gnss tcp server
2015-08-17 14:02:20 WARN [26847:../src/transfer.c:191] Can't connect to gnss tcp server
2015-08-17 14:03:17 INFO [26899:../src/transfer.c:173] Try to connect gnss tcp server
2015-08-17 14:03:17 WARN [26899:../src/transfer.c:193] Can't connect to gnss tcp server
2015-08-17 14:03:17 INFO [26899:../src/transfer.c:63] Try to connect data source server
2015-08-17 14:03:17 INFO [26899:../src/transfer.c:108] listen data source server success
2015-08-17 14:03:18 WARN [26899:../src/transfer.c:193] Can't connect to gnss tcp server
2015-08-17 14:03:19 WARN [26899:../src/transfer.c:193] Can't connect to gnss tcp server
2015-08-17 14:03:20 WARN [26899:../src/transfer.c:193] Can't connect to gnss tcp server
2015-08-17 14:03:21 WARN [26899:../src/transfer.c:193] Can't connect to gnss tcp server
2015-08-17 14:03:22 WARN [26899:../src/transfer.c:193] Can't connect to gnss tcp server
